Tue Jun 01 00:36:08 ICT 2021 : Apache Derby Network Server - 10.10.2.0 - (1582446) started and ready to accept connections on port 1527
----------------------------------------------------------------
Tue Jun 01 00:36:09 ICT 2021:
Booting Derby version The Apache Software Foundation - Apache Derby - 10.10.2.0 - (1582446): instance a816c00e-0179-c37f-4620-000037a0ad1b 
on database directory C:\Users\TranThuyNga\Desktop\java2-10-QLySinhVien\ChuongTrinh\java2-10-QLySinhVien\QLySV with class loader jdk.internal.loader.ClassLoaders$AppClassLoader@2cdf8d8a 
Loaded from file:/C:/Program%20Files/glassfish-4.1.1/javadb/lib/derby.jar
java.vendor=Oracle Corporation
java.runtime.version=11.0.11+9-LTS-194
user.dir=C:\Program Files\glassfish-4.1.1\javadb
os.name=Windows 10
os.arch=amd64
os.version=10.0
derby.system.home=C:\Users\TranThuyNga\Desktop\java2-10-QLySinhVien\ChuongTrinh\java2-10-QLySinhVien
Database Class Loader started - derby.database.classpath=''
----------------------------------------------------------------
Tue Jun 01 00:51:08 ICT 2021: Shutting down Derby engine
----------------------------------------------------------------
Tue Jun 01 00:51:08 ICT 2021:
Shutting down instance a816c00e-0179-c37f-4620-000037a0ad1b on database directory C:\Users\TranThuyNga\Desktop\java2-10-QLySinhVien\ChuongTrinh\java2-10-QLySinhVien\QLySV with class loader jdk.internal.loader.ClassLoaders$AppClassLoader@2cdf8d8a 
----------------------------------------------------------------
